        /'___\  /'___\           /'___\       
       /\ \__/ /\ \__/  __  __  /\ \__/       
       \ \ ,__\\ \ ,__\/\ \/\ \ \ \ ,__\      
        \ \ \_/ \ \ \_/\ \ \_\ \ \ \ \_/      
         \ \_\   \ \_\  \ \____/  \ \_\       
          \/_/    \/_/   \/___/    \/_/       

       v1.3.1
________________________________________________

 :: Method           : GET
 :: URL              : http://10.10.10.37/FUZZ
 :: Wordlist         : FUZZ: /usr/share/dirb/wordlists/common.txt
 :: Follow redirects : false
 :: Calibration      : false
 :: Timeout          : 10
 :: Threads          : 40
 :: Matcher          : Response status: 200,204,301,302,307,401,403,405
________________________________________________

.hta                    [Status: 403, Size: 290, Words: 22, Lines: 12]
.htaccess               [Status: 403, Size: 295, Words: 22, Lines: 12]
.htpasswd               [Status: 403, Size: 295, Words: 22, Lines: 12]
                        [Status: 200, Size: 52256, Words: 3306, Lines: 314]
index.php               [Status: 301, Size: 0, Words: 1, Lines: 1]
javascript              [Status: 301, Size: 315, Words: 20, Lines: 10]
phpmyadmin              [Status: 301, Size: 315, Words: 20, Lines: 10]
plugins                 [Status: 301, Size: 312, Words: 20, Lines: 10]
server-status           [Status: 403, Size: 299, Words: 22, Lines: 12]
wiki                    [Status: 301, Size: 309, Words: 20, Lines: 10]
wp-admin                [Status: 301, Size: 313, Words: 20, Lines: 10]
wp-content              [Status: 301, Size: 315, Words: 20, Lines: 10]
wp-includes             [Status: 301, Size: 316, Words: 20, Lines: 10]
xmlrpc.php              [Status: 405, Size: 42, Words: 6, Lines: 1]
:: Progress: [4614/4614] :: Job [1/1] :: 138 req/sec :: Duration: [0:00:39] :: Errors: 0 ::
